<?xml version="1.0" encoding="UTF-8"?>
<testsuite name="com.automationpractice.runner.TestRunner" time="7.061" tests="26" errors="0" skipped="0" failures="0">
  <properties>
    <property name="idea.version" value="2017.2.5"/>
    <property name="java.runtime.name" value="Java(TM) SE Runtime Environment"/>
    <property name="sun.boot.library.path" value="/Library/Java/JavaVirtualMachines/jdk1.8.0_144.jdk/Contents/Home/jre/lib"/>
    <property name="java.vm.version" value="25.144-b01"/>
    <property name="gopherProxySet" value="false"/>
    <property name="java.vm.vendor" value="Oracle Corporation"/>
    <property name="maven.multiModuleProjectDirectory" value="/Users/Koraboinas/Movies/NCC_Group"/>
    <property name="java.vendor.url" value="http://java.oracle.com/"/>
    <property name="path.separator" value=":"/>
    <property name="guice.disable.misplaced.annotation.check" value="true"/>
    <property name="java.vm.name" value="Java HotSpot(TM) 64-Bit Server VM"/>
    <property name="file.encoding.pkg" value="sun.io"/>
    <property name="user.country" value="GB"/>
    <property name="sun.java.launcher" value="SUN_STANDARD"/>
    <property name="sun.os.patch.level" value="unknown"/>
    <property name="java.vm.specification.name" value="Java Virtual Machine Specification"/>
    <property name="user.dir" value="/Users/Koraboinas/Movies/NCC_Group"/>
    <property name="java.runtime.version" value="1.8.0_144-b01"/>
    <property name="java.awt.graphicsenv" value="sun.awt.CGraphicsEnvironment"/>
    <property name="java.endorsed.dirs" value="/Library/Java/JavaVirtualMachines/jdk1.8.0_144.jdk/Contents/Home/jre/lib/endorsed"/>
    <property name="os.arch" value="x86_64"/>
    <property name="java.io.tmpdir" value="/var/folders/67/qhflwvy10c14fz1njmhmhnl40000gn/T/"/>
    <property name="line.separator" value="&#10;"/>
    <property name="java.vm.specification.vendor" value="Oracle Corporation"/>
    <property name="os.name" value="Mac OS X"/>
    <property name="classworlds.conf" value="/Applications/IntelliJ IDEA CE.app/Contents/plugins/maven/lib/maven3/bin/m2.conf"/>
    <property name="sun.jnu.encoding" value="UTF-8"/>
    <property name="java.library.path" value="/Users/Koraboinas/Library/Java/Extensions:/Library/Java/Extensions:/Network/Library/Java/Extensions:/System/Library/Java/Extensions:/usr/lib/java:."/>
    <property name="java.specification.name" value="Java Platform API Specification"/>
    <property name="java.class.version" value="52.0"/>
    <property name="sun.management.compiler" value="HotSpot 64-Bit Tiered Compilers"/>
    <property name="os.version" value="10.12.6"/>
    <property name="http.nonProxyHosts" value="local|*.local|169.254/16|*.169.254/16"/>
    <property name="user.home" value="/Users/Koraboinas"/>
    <property name="user.timezone" value="Europe/London"/>
    <property name="java.awt.printerjob" value="sun.lwawt.macosx.CPrinterJob"/>
    <property name="java.specification.version" value="1.8"/>
    <property name="file.encoding" value="UTF-8"/>
    <property name="user.name" value="Koraboinas"/>
    <property name="java.class.path" value="/Applications/IntelliJ IDEA CE.app/Contents/plugins/maven/lib/maven3/boot/plexus-classworlds-2.5.2.jar:/Applications/IntelliJ IDEA CE.app/Contents/lib/idea_rt.jar"/>
    <property name="java.vm.specification.version" value="1.8"/>
    <property name="sun.arch.data.model" value="64"/>
    <property name="java.home" value="/Library/Java/JavaVirtualMachines/jdk1.8.0_144.jdk/Contents/Home/jre"/>
    <property name="sun.java.command" value="org.codehaus.classworlds.Launcher -Didea.version=2017.2.5 test"/>
    <property name="java.specification.vendor" value="Oracle Corporation"/>
    <property name="user.language" value="en"/>
    <property name="awt.toolkit" value="sun.lwawt.macosx.LWCToolkit"/>
    <property name="java.vm.info" value="mixed mode"/>
    <property name="java.version" value="1.8.0_144"/>
    <property name="java.ext.dirs" value="/Users/Koraboinas/Library/Java/Extensions:/Library/Java/JavaVirtualMachines/jdk1.8.0_144.jdk/Contents/Home/jre/lib/ext:/Library/Java/Extensions:/Network/Library/Java/Extensions:/System/Library/Java/Extensions:/usr/lib/java"/>
    <property name="sun.boot.class.path" value="/Library/Java/JavaVirtualMachines/jdk1.8.0_144.jdk/Contents/Home/jre/lib/resources.jar:/Library/Java/JavaVirtualMachines/jdk1.8.0_144.jdk/Contents/Home/jre/lib/rt.jar:/Library/Java/JavaVirtualMachines/jdk1.8.0_144.jdk/Contents/Home/jre/lib/sunrsasign.jar:/Library/Java/JavaVirtualMachines/jdk1.8.0_144.jdk/Contents/Home/jre/lib/jsse.jar:/Library/Java/JavaVirtualMachines/jdk1.8.0_144.jdk/Contents/Home/jre/lib/jce.jar:/Library/Java/JavaVirtualMachines/jdk1.8.0_144.jdk/Contents/Home/jre/lib/charsets.jar:/Library/Java/JavaVirtualMachines/jdk1.8.0_144.jdk/Contents/Home/jre/lib/jfr.jar:/Library/Java/JavaVirtualMachines/jdk1.8.0_144.jdk/Contents/Home/jre/classes"/>
    <property name="java.vendor" value="Oracle Corporation"/>
    <property name="maven.home" value="/Applications/IntelliJ IDEA CE.app/Contents/plugins/maven/lib/maven3"/>
    <property name="file.separator" value="/"/>
    <property name="java.vendor.url.bug" value="http://bugreport.sun.com/bugreport/"/>
    <property name="sun.cpu.endian" value="little"/>
    <property name="sun.io.unicode.encoding" value="UnicodeBig"/>
    <property name="socksNonProxyHosts" value="local|*.local|169.254/16|*.169.254/16"/>
    <property name="ftp.nonProxyHosts" value="local|*.local|169.254/16|*.169.254/16"/>
    <property name="sun.cpu.isalist" value=""/>
  </properties>
  <testcase name="Given user enters the URL" classname="| automation.practice@gmail.com | Automation123 | Faded Short Sleeve T-shirts - Color : Orange, Size : S |" time="0.047"/>
  <testcase name="When user clicks on sign in" classname="| automation.practice@gmail.com | Automation123 | Faded Short Sleeve T-shirts - Color : Orange, Size : S |" time="0"/>
  <testcase name="When user enters userName as &quot;automation.practice@gmail.com&quot; and password as &quot;Automation123&quot;" classname="| automation.practice@gmail.com | Automation123 | Faded Short Sleeve T-shirts - Color : Orange, Size : S |" time="0"/>
  <testcase name="And user clicks on T-Shirts" classname="| automation.practice@gmail.com | Automation123 | Faded Short Sleeve T-shirts - Color : Orange, Size : S |" time="0"/>
  <testcase name="And user selects a T-Shirt" classname="| automation.practice@gmail.com | Automation123 | Faded Short Sleeve T-shirts - Color : Orange, Size : S |" time="0"/>
  <testcase name="When user clicks on AddToCart" classname="| automation.practice@gmail.com | Automation123 | Faded Short Sleeve T-shirts - Color : Orange, Size : S |" time="0"/>
  <testcase name="And user clicks on Proceed to checkout button" classname="| automation.practice@gmail.com | Automation123 | Faded Short Sleeve T-shirts - Color : Orange, Size : S |" time="0"/>
  <testcase name="When user accepts terms and conditions" classname="| automation.practice@gmail.com | Automation123 | Faded Short Sleeve T-shirts - Color : Orange, Size : S |" time="0"/>
  <testcase name="And user clicks on Proceed to checkout" classname="| automation.practice@gmail.com | Automation123 | Faded Short Sleeve T-shirts - Color : Orange, Size : S |" time="0"/>
  <testcase name="And select payment type as PayByCheck" classname="| automation.practice@gmail.com | Automation123 | Faded Short Sleeve T-shirts - Color : Orange, Size : S |" time="0"/>
  <testcase name="When user confirms the order" classname="| automation.practice@gmail.com | Automation123 | Faded Short Sleeve T-shirts - Color : Orange, Size : S |" time="0"/>
  <testcase name="When user clicks on my orders" classname="| automation.practice@gmail.com | Automation123 | Faded Short Sleeve T-shirts - Color : Orange, Size : S |" time="0"/>
  <testcase name="And user clicks on order reference" classname="| automation.practice@gmail.com | Automation123 | Faded Short Sleeve T-shirts - Color : Orange, Size : S |" time="0"/>
  <testcase name="Then verity the &quot;Faded Short Sleeve T-shirts - Color : Orange, Size : S&quot; exist in order history" classname="| automation.practice@gmail.com | Automation123 | Faded Short Sleeve T-shirts - Color : Orange, Size : S |" time="0"/>
  <testcase name="| automation.practice@gmail.com | Automation123 | Faded Short Sleeve T-shirts - Color : Orange, Size : S |" classname="| automation.practice@gmail.com | Automation123 | Faded Short Sleeve T-shirts - Color : Orange, Size : S |" time="6.026"/>
  <testcase name="Given user enters the URL" classname="| automation.practice@gmail.com | Automation123 | Peter |" time="0"/>
  <testcase name="When user clicks on sign in" classname="| automation.practice@gmail.com | Automation123 | Peter |" time="0"/>
  <testcase name="When user enters userName as &quot;automation.practice@gmail.com&quot; and password as &quot;Automation123&quot;" classname="| automation.practice@gmail.com | Automation123 | Peter |" time="0"/>
  <testcase name="When user clicks on my personal information" classname="| automation.practice@gmail.com | Automation123 | Peter |" time="0"/>
  <testcase name="And user updates first name as &quot;Peter&quot;" classname="| automation.practice@gmail.com | Automation123 | Peter |" time="0"/>
  <testcase name="And user enters current password as &quot;Automation123&quot;" classname="| automation.practice@gmail.com | Automation123 | Peter |" time="0"/>
  <testcase name="When user clicks on save button" classname="| automation.practice@gmail.com | Automation123 | Peter |" time="0"/>
  <testcase name="When user clicks on back to your account" classname="| automation.practice@gmail.com | Automation123 | Peter |" time="0"/>
  <testcase name="When user clicks on my personal information" classname="| automation.practice@gmail.com | Automation123 | Peter |" time="0.001"/>
  <testcase name="Then verify first name field appears updated as &quot;Peter&quot;" classname="| automation.practice@gmail.com | Automation123 | Peter |" time="0"/>
  <testcase name="| automation.practice@gmail.com | Automation123 | Peter |" classname="| automation.practice@gmail.com | Automation123 | Peter |" time="0.987"/>
</testsuite>